<?xml version="1.0" encoding="UTF-8"?>
<testsuite xmlns:xsi="http://www.w3.org/2001/XMLSchema-instance" xsi:noNamespaceSchemaLocation="https://maven.apache.org/surefire/maven-surefire-plugin/xsd/surefire-test-report.xsd" name="com.example.HumanEval_82Test" time="0.014" tests="27" errors="27" skipped="0" failures="0">
  <properties>
    <property name="gopherProxySet" value="false"/>
    <property name="awt.toolkit" value="sun.lwawt.macosx.LWCToolkit"/>
    <property name="java.specification.version" value="11"/>
    <property name="sun.cpu.isalist" value=""/>
    <property name="sun.jnu.encoding" value="UTF-8"/>
    <property name="java.class.path" value="/Users/alibrahimzada/Documents/ibm/llmempirical/evalplus/evalplus_java/target/test-classes:/Users/alibrahimzada/Documents/ibm/llmempirical/evalplus/evalplus_java/target/classes:/Users/alibrahimzada/.m2/repository/junit/junit/4.11/junit-4.11.jar:/Users/alibrahimzada/.m2/repository/org/hamcrest/hamcrest-core/1.3/hamcrest-core-1.3.jar:"/>
    <property name="java.vm.vendor" value="Homebrew"/>
    <property name="sun.arch.data.model" value="64"/>
    <property name="java.vendor.url" value="https://github.com/Homebrew/homebrew-core/issues"/>
    <property name="user.timezone" value=""/>
    <property name="java.vm.specification.version" value="11"/>
    <property name="os.name" value="Mac OS X"/>
    <property name="sun.java.launcher" value="SUN_STANDARD"/>
    <property name="user.country" value="US"/>
    <property name="sun.boot.library.path" value="/opt/homebrew/Cellar/openjdk@11/11.0.19/libexec/openjdk.jdk/Contents/Home/lib"/>
    <property name="sun.java.command" value="/Users/alibrahimzada/Documents/ibm/llmempirical/evalplus/evalplus_java/target/surefire/surefirebooter6052732100926489616.jar /Users/alibrahimzada/Documents/ibm/llmempirical/evalplus/evalplus_java/target/surefire 2023-07-25T11-43-44_620-jvmRun1 surefire16618021492207608731tmp surefire_07620586763903104396tmp"/>
    <property name="jdk.debug" value="release"/>
    <property name="surefire.test.class.path" value="/Users/alibrahimzada/Documents/ibm/llmempirical/evalplus/evalplus_java/target/test-classes:/Users/alibrahimzada/Documents/ibm/llmempirical/evalplus/evalplus_java/target/classes:/Users/alibrahimzada/.m2/repository/junit/junit/4.11/junit-4.11.jar:/Users/alibrahimzada/.m2/repository/org/hamcrest/hamcrest-core/1.3/hamcrest-core-1.3.jar:"/>
    <property name="sun.cpu.endian" value="little"/>
    <property name="user.home" value="/Users/alibrahimzada"/>
    <property name="user.language" value="en"/>
    <property name="java.specification.vendor" value="Oracle Corporation"/>
    <property name="java.version.date" value="2023-04-18"/>
    <property name="java.home" value="/opt/homebrew/Cellar/openjdk@11/11.0.19/libexec/openjdk.jdk/Contents/Home"/>
    <property name="file.separator" value="/"/>
    <property name="basedir" value="/Users/alibrahimzada/Documents/ibm/llmempirical/evalplus/evalplus_java"/>
    <property name="java.vm.compressedOopsMode" value="Zero based"/>
    <property name="line.separator" value="&#10;"/>
    <property name="java.specification.name" value="Java Platform API Specification"/>
    <property name="java.vm.specification.vendor" value="Oracle Corporation"/>
    <property name="java.awt.graphicsenv" value="sun.awt.CGraphicsEnvironment"/>
    <property name="surefire.real.class.path" value="/Users/alibrahimzada/Documents/ibm/llmempirical/evalplus/evalplus_java/target/surefire/surefirebooter6052732100926489616.jar"/>
    <property name="sun.management.compiler" value="HotSpot 64-Bit Tiered Compilers"/>
    <property name="java.runtime.version" value="11.0.19+0"/>
    <property name="user.name" value="alibrahimzada"/>
    <property name="path.separator" value=":"/>
    <property name="os.version" value="13.4.1"/>
    <property name="java.runtime.name" value="OpenJDK Runtime Environment"/>
    <property name="file.encoding" value="UTF-8"/>
    <property name="java.vm.name" value="OpenJDK 64-Bit Server VM"/>
    <property name="java.vendor.version" value="Homebrew"/>
    <property name="localRepository" value="/Users/alibrahimzada/.m2/repository"/>
    <property name="java.vendor.url.bug" value="https://github.com/Homebrew/homebrew-core/issues"/>
    <property name="java.io.tmpdir" value="/var/folders/7v/x94xqh117b57n4p7hr_3whs80000gn/T/"/>
    <property name="java.version" value="11.0.19"/>
    <property name="user.dir" value="/Users/alibrahimzada/Documents/ibm/llmempirical/evalplus/evalplus_java"/>
    <property name="os.arch" value="aarch64"/>
    <property name="java.vm.specification.name" value="Java Virtual Machine Specification"/>
    <property name="java.awt.printerjob" value="sun.lwawt.macosx.CPrinterJob"/>
    <property name="sun.os.patch.level" value="unknown"/>
    <property name="java.library.path" value="/Users/alibrahimzada/Library/Java/Extensions:/Library/Java/Extensions:/Network/Library/Java/Extensions:/System/Library/Java/Extensions:/usr/lib/java:."/>
    <property name="java.vm.info" value="mixed mode"/>
    <property name="java.vendor" value="Homebrew"/>
    <property name="java.vm.version" value="11.0.19+0"/>
    <property name="sun.io.unicode.encoding" value="UnicodeBig"/>
    <property name="java.class.version" value="55.0"/>
    <property name="maven.test.failure.ignore" value="true"/>
  </properties>
  <testcase name="test_10" classname="com.example.HumanEval_82Test" time="0">
    <error message="com/example/HumanEval_82" type="java.lang.NoClassDefFoundError">java.lang.NoClassDefFoundError: com/example/HumanEval_82
	at com.example.HumanEval_82Test.test_10(HumanEval_82Test.java:61)
Caused by: java.lang.ClassNotFoundException: com.example.HumanEval_82
	at com.example.HumanEval_82Test.test_10(HumanEval_82Test.java:61)
</error>
  </testcase>
  <testcase name="test_11" classname="com.example.HumanEval_82Test" time="0">
    <error message="com/example/HumanEval_82" type="java.lang.NoClassDefFoundError">java.lang.NoClassDefFoundError: com/example/HumanEval_82
	at com.example.HumanEval_82Test.test_11(HumanEval_82Test.java:66)
</error>
  </testcase>
  <testcase name="test_12" classname="com.example.HumanEval_82Test" time="0">
    <error message="com/example/HumanEval_82" type="java.lang.NoClassDefFoundError">java.lang.NoClassDefFoundError: com/example/HumanEval_82
	at com.example.HumanEval_82Test.test_12(HumanEval_82Test.java:71)
</error>
  </testcase>
  <testcase name="test_13" classname="com.example.HumanEval_82Test" time="0">
    <error message="com/example/HumanEval_82" type="java.lang.NoClassDefFoundError">java.lang.NoClassDefFoundError: com/example/HumanEval_82
	at com.example.HumanEval_82Test.test_13(HumanEval_82Test.java:76)
</error>
  </testcase>
  <testcase name="test_14" classname="com.example.HumanEval_82Test" time="0">
    <error message="com/example/HumanEval_82" type="java.lang.NoClassDefFoundError">java.lang.NoClassDefFoundError: com/example/HumanEval_82
	at com.example.HumanEval_82Test.test_14(HumanEval_82Test.java:81)
</error>
  </testcase>
  <testcase name="test_15" classname="com.example.HumanEval_82Test" time="0">
    <error message="com/example/HumanEval_82" type="java.lang.NoClassDefFoundError">java.lang.NoClassDefFoundError: com/example/HumanEval_82
	at com.example.HumanEval_82Test.test_15(HumanEval_82Test.java:86)
</error>
  </testcase>
  <testcase name="test_16" classname="com.example.HumanEval_82Test" time="0.001">
    <error message="com/example/HumanEval_82" type="java.lang.NoClassDefFoundError">java.lang.NoClassDefFoundError: com/example/HumanEval_82
	at com.example.HumanEval_82Test.test_16(HumanEval_82Test.java:91)
</error>
  </testcase>
  <testcase name="test_17" classname="com.example.HumanEval_82Test" time="0">
    <error message="com/example/HumanEval_82" type="java.lang.NoClassDefFoundError">java.lang.NoClassDefFoundError: com/example/HumanEval_82
	at com.example.HumanEval_82Test.test_17(HumanEval_82Test.java:96)
</error>
  </testcase>
  <testcase name="test_18" classname="com.example.HumanEval_82Test" time="0">
    <error message="com/example/HumanEval_82" type="java.lang.NoClassDefFoundError">java.lang.NoClassDefFoundError: com/example/HumanEval_82
	at com.example.HumanEval_82Test.test_18(HumanEval_82Test.java:101)
</error>
  </testcase>
  <testcase name="test_19" classname="com.example.HumanEval_82Test" time="0">
    <error message="com/example/HumanEval_82" type="java.lang.NoClassDefFoundError">java.lang.NoClassDefFoundError: com/example/HumanEval_82
	at com.example.HumanEval_82Test.test_19(HumanEval_82Test.java:106)
</error>
  </testcase>
  <testcase name="test_20" classname="com.example.HumanEval_82Test" time="0.001">
    <error message="com/example/HumanEval_82" type="java.lang.NoClassDefFoundError">java.lang.NoClassDefFoundError: com/example/HumanEval_82
	at com.example.HumanEval_82Test.test_20(HumanEval_82Test.java:111)
</error>
  </testcase>
  <testcase name="test_21" classname="com.example.HumanEval_82Test" time="0">
    <error message="com/example/HumanEval_82" type="java.lang.NoClassDefFoundError">java.lang.NoClassDefFoundError: com/example/HumanEval_82
	at com.example.HumanEval_82Test.test_21(HumanEval_82Test.java:116)
</error>
  </testcase>
  <testcase name="test_22" classname="com.example.HumanEval_82Test" time="0">
    <error message="com/example/HumanEval_82" type="java.lang.NoClassDefFoundError">java.lang.NoClassDefFoundError: com/example/HumanEval_82
	at com.example.HumanEval_82Test.test_22(HumanEval_82Test.java:121)
</error>
  </testcase>
  <testcase name="test_23" classname="com.example.HumanEval_82Test" time="0">
    <error message="com/example/HumanEval_82" type="java.lang.NoClassDefFoundError">java.lang.NoClassDefFoundError: com/example/HumanEval_82
	at com.example.HumanEval_82Test.test_23(HumanEval_82Test.java:126)
</error>
  </testcase>
  <testcase name="test_24" classname="com.example.HumanEval_82Test" time="0">
    <error message="com/example/HumanEval_82" type="java.lang.NoClassDefFoundError">java.lang.NoClassDefFoundError: com/example/HumanEval_82
	at com.example.HumanEval_82Test.test_24(HumanEval_82Test.java:131)
</error>
  </testcase>
  <testcase name="test_25" classname="com.example.HumanEval_82Test" time="0">
    <error message="com/example/HumanEval_82" type="java.lang.NoClassDefFoundError">java.lang.NoClassDefFoundError: com/example/HumanEval_82
	at com.example.HumanEval_82Test.test_25(HumanEval_82Test.java:136)
</error>
  </testcase>
  <testcase name="test_26" classname="com.example.HumanEval_82Test" time="0">
    <error message="com/example/HumanEval_82" type="java.lang.NoClassDefFoundError">java.lang.NoClassDefFoundError: com/example/HumanEval_82
	at com.example.HumanEval_82Test.test_26(HumanEval_82Test.java:141)
</error>
  </testcase>
  <testcase name="test_0" classname="com.example.HumanEval_82Test" time="0">
    <error message="com/example/HumanEval_82" type="java.lang.NoClassDefFoundError">java.lang.NoClassDefFoundError: com/example/HumanEval_82
	at com.example.HumanEval_82Test.test_0(HumanEval_82Test.java:11)
</error>
  </testcase>
  <testcase name="test_1" classname="com.example.HumanEval_82Test" time="0">
    <error message="com/example/HumanEval_82" type="java.lang.NoClassDefFoundError">java.lang.NoClassDefFoundError: com/example/HumanEval_82
	at com.example.HumanEval_82Test.test_1(HumanEval_82Test.java:16)
</error>
  </testcase>
  <testcase name="test_2" classname="com.example.HumanEval_82Test" time="0">
    <error message="com/example/HumanEval_82" type="java.lang.NoClassDefFoundError">java.lang.NoClassDefFoundError: com/example/HumanEval_82
	at com.example.HumanEval_82Test.test_2(HumanEval_82Test.java:21)
</error>
  </testcase>
  <testcase name="test_3" classname="com.example.HumanEval_82Test" time="0">
    <error message="com/example/HumanEval_82" type="java.lang.NoClassDefFoundError">java.lang.NoClassDefFoundError: com/example/HumanEval_82
	at com.example.HumanEval_82Test.test_3(HumanEval_82Test.java:26)
</error>
  </testcase>
  <testcase name="test_4" classname="com.example.HumanEval_82Test" time="0">
    <error message="com/example/HumanEval_82" type="java.lang.NoClassDefFoundError">java.lang.NoClassDefFoundError: com/example/HumanEval_82
	at com.example.HumanEval_82Test.test_4(HumanEval_82Test.java:31)
</error>
  </testcase>
  <testcase name="test_5" classname="com.example.HumanEval_82Test" time="0">
    <error message="com/example/HumanEval_82" type="java.lang.NoClassDefFoundError">java.lang.NoClassDefFoundError: com/example/HumanEval_82
	at com.example.HumanEval_82Test.test_5(HumanEval_82Test.java:36)
</error>
  </testcase>
  <testcase name="test_6" classname="com.example.HumanEval_82Test" time="0">
    <error message="com/example/HumanEval_82" type="java.lang.NoClassDefFoundError">java.lang.NoClassDefFoundError: com/example/HumanEval_82
	at com.example.HumanEval_82Test.test_6(HumanEval_82Test.java:41)
</error>
  </testcase>
  <testcase name="test_7" classname="com.example.HumanEval_82Test" time="0">
    <error message="com/example/HumanEval_82" type="java.lang.NoClassDefFoundError">java.lang.NoClassDefFoundError: com/example/HumanEval_82
	at com.example.HumanEval_82Test.test_7(HumanEval_82Test.java:46)
</error>
  </testcase>
  <testcase name="test_8" classname="com.example.HumanEval_82Test" time="0">
    <error message="com/example/HumanEval_82" type="java.lang.NoClassDefFoundError">java.lang.NoClassDefFoundError: com/example/HumanEval_82
	at com.example.HumanEval_82Test.test_8(HumanEval_82Test.java:51)
</error>
  </testcase>
  <testcase name="test_9" classname="com.example.HumanEval_82Test" time="0">
    <error message="com/example/HumanEval_82" type="java.lang.NoClassDefFoundError">java.lang.NoClassDefFoundError: com/example/HumanEval_82
	at com.example.HumanEval_82Test.test_9(HumanEval_82Test.java:56)
</error>
  </testcase>
</testsuite>