<?xml version="1.0" encoding="UTF-8"?>
<testsuite xmlns:xsi="http://www.w3.org/2001/XMLSchema-instance" xsi:noNamespaceSchemaLocation="https://maven.apache.org/surefire/maven-surefire-plugin/xsd/surefire-test-report.xsd" name="com.example.HumanEval_141Test" time="0.001" tests="41" errors="41" skipped="0" failures="0">
  <properties>
    <property name="gopherProxySet" value="false"/>
    <property name="awt.toolkit" value="sun.lwawt.macosx.LWCToolkit"/>
    <property name="java.specification.version" value="11"/>
    <property name="sun.cpu.isalist" value=""/>
    <property name="sun.jnu.encoding" value="UTF-8"/>
    <property name="java.class.path" value="/Users/alibrahimzada/Documents/ibm/llmempirical/evalplus/evalplus_java/target/test-classes:/Users/alibrahimzada/Documents/ibm/llmempirical/evalplus/evalplus_java/target/classes:/Users/alibrahimzada/.m2/repository/junit/junit/4.11/junit-4.11.jar:/Users/alibrahimzada/.m2/repository/org/hamcrest/hamcrest-core/1.3/hamcrest-core-1.3.jar:"/>
    <property name="java.vm.vendor" value="Homebrew"/>
    <property name="sun.arch.data.model" value="64"/>
    <property name="java.vendor.url" value="https://github.com/Homebrew/homebrew-core/issues"/>
    <property name="user.timezone" value=""/>
    <property name="java.vm.specification.version" value="11"/>
    <property name="os.name" value="Mac OS X"/>
    <property name="sun.java.launcher" value="SUN_STANDARD"/>
    <property name="user.country" value="US"/>
    <property name="sun.boot.library.path" value="/opt/homebrew/Cellar/openjdk@11/11.0.19/libexec/openjdk.jdk/Contents/Home/lib"/>
    <property name="sun.java.command" value="/Users/alibrahimzada/Documents/ibm/llmempirical/evalplus/evalplus_java/target/surefire/surefirebooter6052732100926489616.jar /Users/alibrahimzada/Documents/ibm/llmempirical/evalplus/evalplus_java/target/surefire 2023-07-25T11-43-44_620-jvmRun1 surefire16618021492207608731tmp surefire_07620586763903104396tmp"/>
    <property name="jdk.debug" value="release"/>
    <property name="surefire.test.class.path" value="/Users/alibrahimzada/Documents/ibm/llmempirical/evalplus/evalplus_java/target/test-classes:/Users/alibrahimzada/Documents/ibm/llmempirical/evalplus/evalplus_java/target/classes:/Users/alibrahimzada/.m2/repository/junit/junit/4.11/junit-4.11.jar:/Users/alibrahimzada/.m2/repository/org/hamcrest/hamcrest-core/1.3/hamcrest-core-1.3.jar:"/>
    <property name="sun.cpu.endian" value="little"/>
    <property name="user.home" value="/Users/alibrahimzada"/>
    <property name="user.language" value="en"/>
    <property name="java.specification.vendor" value="Oracle Corporation"/>
    <property name="java.version.date" value="2023-04-18"/>
    <property name="java.home" value="/opt/homebrew/Cellar/openjdk@11/11.0.19/libexec/openjdk.jdk/Contents/Home"/>
    <property name="file.separator" value="/"/>
    <property name="basedir" value="/Users/alibrahimzada/Documents/ibm/llmempirical/evalplus/evalplus_java"/>
    <property name="java.vm.compressedOopsMode" value="Zero based"/>
    <property name="line.separator" value="&#10;"/>
    <property name="java.specification.name" value="Java Platform API Specification"/>
    <property name="java.vm.specification.vendor" value="Oracle Corporation"/>
    <property name="java.awt.graphicsenv" value="sun.awt.CGraphicsEnvironment"/>
    <property name="surefire.real.class.path" value="/Users/alibrahimzada/Documents/ibm/llmempirical/evalplus/evalplus_java/target/surefire/surefirebooter6052732100926489616.jar"/>
    <property name="sun.management.compiler" value="HotSpot 64-Bit Tiered Compilers"/>
    <property name="java.runtime.version" value="11.0.19+0"/>
    <property name="user.name" value="alibrahimzada"/>
    <property name="path.separator" value=":"/>
    <property name="os.version" value="13.4.1"/>
    <property name="java.runtime.name" value="OpenJDK Runtime Environment"/>
    <property name="file.encoding" value="UTF-8"/>
    <property name="java.vm.name" value="OpenJDK 64-Bit Server VM"/>
    <property name="java.vendor.version" value="Homebrew"/>
    <property name="localRepository" value="/Users/alibrahimzada/.m2/repository"/>
    <property name="java.vendor.url.bug" value="https://github.com/Homebrew/homebrew-core/issues"/>
    <property name="java.io.tmpdir" value="/var/folders/7v/x94xqh117b57n4p7hr_3whs80000gn/T/"/>
    <property name="java.version" value="11.0.19"/>
    <property name="user.dir" value="/Users/alibrahimzada/Documents/ibm/llmempirical/evalplus/evalplus_java"/>
    <property name="os.arch" value="aarch64"/>
    <property name="java.vm.specification.name" value="Java Virtual Machine Specification"/>
    <property name="java.awt.printerjob" value="sun.lwawt.macosx.CPrinterJob"/>
    <property name="sun.os.patch.level" value="unknown"/>
    <property name="java.library.path" value="/Users/alibrahimzada/Library/Java/Extensions:/Library/Java/Extensions:/Network/Library/Java/Extensions:/System/Library/Java/Extensions:/usr/lib/java:."/>
    <property name="java.vm.info" value="mixed mode"/>
    <property name="java.vendor" value="Homebrew"/>
    <property name="java.vm.version" value="11.0.19+0"/>
    <property name="sun.io.unicode.encoding" value="UnicodeBig"/>
    <property name="java.class.version" value="55.0"/>
    <property name="maven.test.failure.ignore" value="true"/>
  </properties>
  <testcase name="test_10" classname="com.example.HumanEval_141Test" time="0">
    <error message="com/example/HumanEval_141" type="java.lang.NoClassDefFoundError">java.lang.NoClassDefFoundError: com/example/HumanEval_141
	at com.example.HumanEval_141Test.test_10(HumanEval_141Test.java:59)
Caused by: java.lang.ClassNotFoundException: com.example.HumanEval_141
	at com.example.HumanEval_141Test.test_10(HumanEval_141Test.java:59)
</error>
  </testcase>
  <testcase name="test_11" classname="com.example.HumanEval_141Test" time="0">
    <error message="com/example/HumanEval_141" type="java.lang.NoClassDefFoundError">java.lang.NoClassDefFoundError: com/example/HumanEval_141
	at com.example.HumanEval_141Test.test_11(HumanEval_141Test.java:64)
</error>
  </testcase>
  <testcase name="test_12" classname="com.example.HumanEval_141Test" time="0">
    <error message="com/example/HumanEval_141" type="java.lang.NoClassDefFoundError">java.lang.NoClassDefFoundError: com/example/HumanEval_141
	at com.example.HumanEval_141Test.test_12(HumanEval_141Test.java:69)
</error>
  </testcase>
  <testcase name="test_13" classname="com.example.HumanEval_141Test" time="0">
    <error message="com/example/HumanEval_141" type="java.lang.NoClassDefFoundError">java.lang.NoClassDefFoundError: com/example/HumanEval_141
	at com.example.HumanEval_141Test.test_13(HumanEval_141Test.java:74)
</error>
  </testcase>
  <testcase name="test_14" classname="com.example.HumanEval_141Test" time="0">
    <error message="com/example/HumanEval_141" type="java.lang.NoClassDefFoundError">java.lang.NoClassDefFoundError: com/example/HumanEval_141
	at com.example.HumanEval_141Test.test_14(HumanEval_141Test.java:79)
</error>
  </testcase>
  <testcase name="test_15" classname="com.example.HumanEval_141Test" time="0">
    <error message="com/example/HumanEval_141" type="java.lang.NoClassDefFoundError">java.lang.NoClassDefFoundError: com/example/HumanEval_141
	at com.example.HumanEval_141Test.test_15(HumanEval_141Test.java:84)
</error>
  </testcase>
  <testcase name="test_16" classname="com.example.HumanEval_141Test" time="0">
    <error message="com/example/HumanEval_141" type="java.lang.NoClassDefFoundError">java.lang.NoClassDefFoundError: com/example/HumanEval_141
	at com.example.HumanEval_141Test.test_16(HumanEval_141Test.java:89)
</error>
  </testcase>
  <testcase name="test_17" classname="com.example.HumanEval_141Test" time="0">
    <error message="com/example/HumanEval_141" type="java.lang.NoClassDefFoundError">java.lang.NoClassDefFoundError: com/example/HumanEval_141
	at com.example.HumanEval_141Test.test_17(HumanEval_141Test.java:94)
</error>
  </testcase>
  <testcase name="test_18" classname="com.example.HumanEval_141Test" time="0">
    <error message="com/example/HumanEval_141" type="java.lang.NoClassDefFoundError">java.lang.NoClassDefFoundError: com/example/HumanEval_141
	at com.example.HumanEval_141Test.test_18(HumanEval_141Test.java:99)
</error>
  </testcase>
  <testcase name="test_19" classname="com.example.HumanEval_141Test" time="0">
    <error message="com/example/HumanEval_141" type="java.lang.NoClassDefFoundError">java.lang.NoClassDefFoundError: com/example/HumanEval_141
	at com.example.HumanEval_141Test.test_19(HumanEval_141Test.java:104)
</error>
  </testcase>
  <testcase name="test_20" classname="com.example.HumanEval_141Test" time="0">
    <error message="com/example/HumanEval_141" type="java.lang.NoClassDefFoundError">java.lang.NoClassDefFoundError: com/example/HumanEval_141
	at com.example.HumanEval_141Test.test_20(HumanEval_141Test.java:109)
</error>
  </testcase>
  <testcase name="test_21" classname="com.example.HumanEval_141Test" time="0">
    <error message="com/example/HumanEval_141" type="java.lang.NoClassDefFoundError">java.lang.NoClassDefFoundError: com/example/HumanEval_141
	at com.example.HumanEval_141Test.test_21(HumanEval_141Test.java:114)
</error>
  </testcase>
  <testcase name="test_22" classname="com.example.HumanEval_141Test" time="0">
    <error message="com/example/HumanEval_141" type="java.lang.NoClassDefFoundError">java.lang.NoClassDefFoundError: com/example/HumanEval_141
	at com.example.HumanEval_141Test.test_22(HumanEval_141Test.java:119)
</error>
  </testcase>
  <testcase name="test_23" classname="com.example.HumanEval_141Test" time="0">
    <error message="com/example/HumanEval_141" type="java.lang.NoClassDefFoundError">java.lang.NoClassDefFoundError: com/example/HumanEval_141
	at com.example.HumanEval_141Test.test_23(HumanEval_141Test.java:124)
</error>
  </testcase>
  <testcase name="test_24" classname="com.example.HumanEval_141Test" time="0">
    <error message="com/example/HumanEval_141" type="java.lang.NoClassDefFoundError">java.lang.NoClassDefFoundError: com/example/HumanEval_141
	at com.example.HumanEval_141Test.test_24(HumanEval_141Test.java:129)
</error>
  </testcase>
  <testcase name="test_25" classname="com.example.HumanEval_141Test" time="0">
    <error message="com/example/HumanEval_141" type="java.lang.NoClassDefFoundError">java.lang.NoClassDefFoundError: com/example/HumanEval_141
	at com.example.HumanEval_141Test.test_25(HumanEval_141Test.java:134)
</error>
  </testcase>
  <testcase name="test_26" classname="com.example.HumanEval_141Test" time="0">
    <error message="com/example/HumanEval_141" type="java.lang.NoClassDefFoundError">java.lang.NoClassDefFoundError: com/example/HumanEval_141
	at com.example.HumanEval_141Test.test_26(HumanEval_141Test.java:139)
</error>
  </testcase>
  <testcase name="test_27" classname="com.example.HumanEval_141Test" time="0">
    <error message="com/example/HumanEval_141" type="java.lang.NoClassDefFoundError">java.lang.NoClassDefFoundError: com/example/HumanEval_141
	at com.example.HumanEval_141Test.test_27(HumanEval_141Test.java:144)
</error>
  </testcase>
  <testcase name="test_28" classname="com.example.HumanEval_141Test" time="0">
    <error message="com/example/HumanEval_141" type="java.lang.NoClassDefFoundError">java.lang.NoClassDefFoundError: com/example/HumanEval_141
	at com.example.HumanEval_141Test.test_28(HumanEval_141Test.java:149)
</error>
  </testcase>
  <testcase name="test_29" classname="com.example.HumanEval_141Test" time="0">
    <error message="com/example/HumanEval_141" type="java.lang.NoClassDefFoundError">java.lang.NoClassDefFoundError: com/example/HumanEval_141
	at com.example.HumanEval_141Test.test_29(HumanEval_141Test.java:154)
</error>
  </testcase>
  <testcase name="test_30" classname="com.example.HumanEval_141Test" time="0">
    <error message="com/example/HumanEval_141" type="java.lang.NoClassDefFoundError">java.lang.NoClassDefFoundError: com/example/HumanEval_141
	at com.example.HumanEval_141Test.test_30(HumanEval_141Test.java:159)
</error>
  </testcase>
  <testcase name="test_31" classname="com.example.HumanEval_141Test" time="0">
    <error message="com/example/HumanEval_141" type="java.lang.NoClassDefFoundError">java.lang.NoClassDefFoundError: com/example/HumanEval_141
	at com.example.HumanEval_141Test.test_31(HumanEval_141Test.java:164)
</error>
  </testcase>
  <testcase name="test_32" classname="com.example.HumanEval_141Test" time="0">
    <error message="com/example/HumanEval_141" type="java.lang.NoClassDefFoundError">java.lang.NoClassDefFoundError: com/example/HumanEval_141
	at com.example.HumanEval_141Test.test_32(HumanEval_141Test.java:169)
</error>
  </testcase>
  <testcase name="test_33" classname="com.example.HumanEval_141Test" time="0">
    <error message="com/example/HumanEval_141" type="java.lang.NoClassDefFoundError">java.lang.NoClassDefFoundError: com/example/HumanEval_141
	at com.example.HumanEval_141Test.test_33(HumanEval_141Test.java:174)
</error>
  </testcase>
  <testcase name="test_34" classname="com.example.HumanEval_141Test" time="0">
    <error message="com/example/HumanEval_141" type="java.lang.NoClassDefFoundError">java.lang.NoClassDefFoundError: com/example/HumanEval_141
	at com.example.HumanEval_141Test.test_34(HumanEval_141Test.java:179)
</error>
  </testcase>
  <testcase name="test_35" classname="com.example.HumanEval_141Test" time="0">
    <error message="com/example/HumanEval_141" type="java.lang.NoClassDefFoundError">java.lang.NoClassDefFoundError: com/example/HumanEval_141
	at com.example.HumanEval_141Test.test_35(HumanEval_141Test.java:184)
</error>
  </testcase>
  <testcase name="test_36" classname="com.example.HumanEval_141Test" time="0">
    <error message="com/example/HumanEval_141" type="java.lang.NoClassDefFoundError">java.lang.NoClassDefFoundError: com/example/HumanEval_141
	at com.example.HumanEval_141Test.test_36(HumanEval_141Test.java:189)
</error>
  </testcase>
  <testcase name="test_37" classname="com.example.HumanEval_141Test" time="0">
    <error message="com/example/HumanEval_141" type="java.lang.NoClassDefFoundError">java.lang.NoClassDefFoundError: com/example/HumanEval_141
	at com.example.HumanEval_141Test.test_37(HumanEval_141Test.java:194)
</error>
  </testcase>
  <testcase name="test_38" classname="com.example.HumanEval_141Test" time="0">
    <error message="com/example/HumanEval_141" type="java.lang.NoClassDefFoundError">java.lang.NoClassDefFoundError: com/example/HumanEval_141
	at com.example.HumanEval_141Test.test_38(HumanEval_141Test.java:199)
</error>
  </testcase>
  <testcase name="test_39" classname="com.example.HumanEval_141Test" time="0">
    <error message="com/example/HumanEval_141" type="java.lang.NoClassDefFoundError">java.lang.NoClassDefFoundError: com/example/HumanEval_141
	at com.example.HumanEval_141Test.test_39(HumanEval_141Test.java:204)
</error>
  </testcase>
  <testcase name="test_40" classname="com.example.HumanEval_141Test" time="0">
    <error message="com/example/HumanEval_141" type="java.lang.NoClassDefFoundError">java.lang.NoClassDefFoundError: com/example/HumanEval_141
	at com.example.HumanEval_141Test.test_40(HumanEval_141Test.java:209)
</error>
  </testcase>
  <testcase name="test_0" classname="com.example.HumanEval_141Test" time="0">
    <error message="com/example/HumanEval_141" type="java.lang.NoClassDefFoundError">java.lang.NoClassDefFoundError: com/example/HumanEval_141
	at com.example.HumanEval_141Test.test_0(HumanEval_141Test.java:9)
</error>
  </testcase>
  <testcase name="test_1" classname="com.example.HumanEval_141Test" time="0">
    <error message="com/example/HumanEval_141" type="java.lang.NoClassDefFoundError">java.lang.NoClassDefFoundError: com/example/HumanEval_141
	at com.example.HumanEval_141Test.test_1(HumanEval_141Test.java:14)
</error>
  </testcase>
  <testcase name="test_2" classname="com.example.HumanEval_141Test" time="0">
    <error message="com/example/HumanEval_141" type="java.lang.NoClassDefFoundError">java.lang.NoClassDefFoundError: com/example/HumanEval_141
	at com.example.HumanEval_141Test.test_2(HumanEval_141Test.java:19)
</error>
  </testcase>
  <testcase name="test_3" classname="com.example.HumanEval_141Test" time="0">
    <error message="com/example/HumanEval_141" type="java.lang.NoClassDefFoundError">java.lang.NoClassDefFoundError: com/example/HumanEval_141
	at com.example.HumanEval_141Test.test_3(HumanEval_141Test.java:24)
</error>
  </testcase>
  <testcase name="test_4" classname="com.example.HumanEval_141Test" time="0.001">
    <error message="com/example/HumanEval_141" type="java.lang.NoClassDefFoundError">java.lang.NoClassDefFoundError: com/example/HumanEval_141
	at com.example.HumanEval_141Test.test_4(HumanEval_141Test.java:29)
</error>
  </testcase>
  <testcase name="test_5" classname="com.example.HumanEval_141Test" time="0">
    <error message="com/example/HumanEval_141" type="java.lang.NoClassDefFoundError">java.lang.NoClassDefFoundError: com/example/HumanEval_141
	at com.example.HumanEval_141Test.test_5(HumanEval_141Test.java:34)
</error>
  </testcase>
  <testcase name="test_6" classname="com.example.HumanEval_141Test" time="0">
    <error message="com/example/HumanEval_141" type="java.lang.NoClassDefFoundError">java.lang.NoClassDefFoundError: com/example/HumanEval_141
	at com.example.HumanEval_141Test.test_6(HumanEval_141Test.java:39)
</error>
  </testcase>
  <testcase name="test_7" classname="com.example.HumanEval_141Test" time="0">
    <error message="com/example/HumanEval_141" type="java.lang.NoClassDefFoundError">java.lang.NoClassDefFoundError: com/example/HumanEval_141
	at com.example.HumanEval_141Test.test_7(HumanEval_141Test.java:44)
</error>
  </testcase>
  <testcase name="test_8" classname="com.example.HumanEval_141Test" time="0">
    <error message="com/example/HumanEval_141" type="java.lang.NoClassDefFoundError">java.lang.NoClassDefFoundError: com/example/HumanEval_141
	at com.example.HumanEval_141Test.test_8(HumanEval_141Test.java:49)
</error>
  </testcase>
  <testcase name="test_9" classname="com.example.HumanEval_141Test" time="0">
    <error message="com/example/HumanEval_141" type="java.lang.NoClassDefFoundError">java.lang.NoClassDefFoundError: com/example/HumanEval_141
	at com.example.HumanEval_141Test.test_9(HumanEval_141Test.java:54)
</error>
  </testcase>
</testsuite>